<?xml version="1.0" encoding="UTF-8"?>
<!-- Generated by org.testng.reporters.JUnitReportReporter -->
<testsuite hostname="Admin" failures="0" tests="1" name="Sample.Addition" time="0.023" errors="0" timestamp="2024-08-02T16:13:43 IST" skipped="0">
  <testcase classname="Sample.Addition" name="Add" time="0.023"/>
  <system-out/>
</testsuite> <!-- Sample.Addition -->
