<?xml version="1.0" encoding="UTF-8"?>
<!-- Generated by org.testng.reporters.JUnitReportReporter -->
<testsuite hostname="Admin" failures="0" tests="2" name="Sample.Addition" time="0.029" errors="0" timestamp="2024-08-02T17:20:15 IST" skipped="0">
  <testcase classname="Sample.Addition" name="Add" time="0.022"/>
  <system-out/>
  <testcase classname="Sample.Addition" name="sub" time="0.007"/>
  <system-out/>
</testsuite> <!-- Sample.Addition -->
